Arguments: 
  C:\Program Files\nodejs\node.exe C:\Program Files (x86)\Yarn\bin\yarn.js add --dev react-native-sass-transformer node-sass

PATH: 
  C:\ProgramData\Oracle\Java\javapath;C:\Windows\system32;C:\Windows;C:\Windows\System32\Wbem;C:\Windows\System32\WindowsPowerShell\v1.0\;C:\Program Files (x86)\NVIDIA Corporation\PhysX\Common;C:\Windows\system32\config\systemprofile\.dnx\bin;C:\Program Files\Microsoft DNX\Dnvm\;C:\Program Files\Microsoft SQL Server\120\Tools\Binn\;C:\Program Files\Microsoft SQL Server\130\Tools\Binn\;C:\Program Files\Git\cmd;C:\Program Files (x86)\AOMEI Backupper;C:\Program Files\Java\jdk1.8.0_144\bin\;C:\Program Files\Microsoft SQL Server\Client SDK\ODBC\110\Tools\Binn\;C:\Program Files (x86)\Microsoft SQL Server\120\Tools\Binn\;C:\Program Files\Microsoft SQL Server\120\DTS\Binn\;C:\Program Files (x86)\Microsoft SQL Server\120\Tools\Binn\ManagementStudio\;C:\Program Files (x86)\Microsoft SQL Server\120\DTS\Binn\;C:\xampp7\php;C:\ProgramData\ComposerSetup\bin;C:\Users\John\AppData\Local\Android\Sdk\build-tools;C:\Users\John\AppData\Local\Android\Sdk\platform-tools;C:\Program Files (x86)\Yarn\bin\;C:\Program Files\Java\jdk1.8.0_144\jre\bin\;C:\xampp7\mysql\bin;C:\Users\John\AppData\Roaming\nvm;C:\Program Files\nodejs;C:\Users\John\AppData\Local\Programs\Python\Python36\Scripts\;C:\Users\John\AppData\Local\Programs\Python\Python36\;C:\Users\John\AppData\Local\Microsoft\WindowsApps;C:\Users\John\AppData\Roaming\npm;C:\Program Files\Git\bin;C:\Python27\;C:\Python27\Scripts\;C:\Users\John\AppData\Roaming\Composer\vendor\bin;C:\Users\John\AppData\Local\Yarn\bin;C:\Users\John\AppData\Local\Programs\Microsoft VS Code\bin;C:\Users\John\AppData\Roaming\nvm;C:\Program Files\nodejs

Yarn version: 
  1.5.1

Node version: 
  8.12.0

Platform: 
  win32 x64

npm manifest: 
  {
    "name": "empty-project-template",
    "main": "node_modules/expo/AppEntry.js",
    "private": true,
    "scripts": {
      "start": "expo start",
      "android": "expo start --android",
      "ios": "expo start --ios",
      "eject": "expo eject"
    },
    "dependencies": {
      "expo": "^30.0.1",
      "react": "16.3.1",
      "react-native": "https://github.com/expo/react-native/archive/sdk-30.0.0.tar.gz"
    }
  }

yarn manifest: 
  No manifest

Lockfile: 
  No lockfile

Trace: 
  Error: EPERM: operation not permitted, unlink 'E:\Data\working\React\expo\allAboutRainbowTrout\node_modules\deep-extend\lib'
